2026-02-27 16:58:45,767 WARN [main] o.a.n.b.c.GetRunCommandBootstrapCommand Invalid host [] configured for [nifi.web.proxy.host] in nifi.properties
2026-02-27 16:58:45,925 INFO [main] o.a.n.b.c.GetRunCommandBootstrapCommand Generated Self-Signed Certificate Expiration: 2026-04-28
2026-02-27 16:58:45,926 INFO [main] o.a.n.b.c.GetRunCommandBootstrapCommand Generated Self-Signed Certificate SHA-256: 909FF2869638894019B9FA3F27470B21AF08234AF251D72EB5A42BA74856557E
2026-02-27 17:01:32,401 INFO [main] org.apache.nifi.bootstrap.Command Application Process [75] termination requested
2026-02-27 17:01:43,399 WARN [main] o.a.n.b.c.GetRunCommandBootstrapCommand Invalid host [] configured for [nifi.web.proxy.host] in nifi.properties
2026-02-27 17:01:43,530 INFO [main] o.a.n.b.c.GetRunCommandBootstrapCommand Generated Self-Signed Certificate Expiration: 2026-04-28
2026-02-27 17:01:43,531 INFO [main] o.a.n.b.c.GetRunCommandBootstrapCommand Generated Self-Signed Certificate SHA-256: 2D23B318385DD0519DA4A0726C3241B55A69B23B9DACDDC32A75ECCACE62B436
2026-02-27 17:02:58,117 INFO [main] org.apache.nifi.bootstrap.Command Application Process [76] termination requested
2026-02-27 17:25:44,561 INFO [main] o.a.n.b.NotificationServiceManager Successfully loaded the following 0 services: []
2026-02-27 17:25:44,566 INFO [main] org.apache.nifi.bootstrap.RunNiFi Registered no Notification Services for Notification Type NIFI_STARTED
2026-02-27 17:25:44,566 INFO [main] org.apache.nifi.bootstrap.RunNiFi Registered no Notification Services for Notification Type NIFI_STOPPED
2026-02-27 17:25:44,566 INFO [main] org.apache.nifi.bootstrap.RunNiFi Registered no Notification Services for Notification Type NIFI_DIED
2026-02-27 17:25:44,587 INFO [main] org.apache.nifi.bootstrap.Command Starting Apache NiFi...
2026-02-27 17:25:44,588 INFO [main] org.apache.nifi.bootstrap.Command Working Directory: /opt/nifi/nifi-current
2026-02-27 17:25:44,588 INFO [main] org.apache.nifi.bootstrap.Command Command: /docker-java-home/jre/bin/java -classpath /opt/nifi/nifi-current/./conf:/opt/nifi/nifi-current/./lib/slf4j-api-1.7.25.jar:/opt/nifi/nifi-current/./lib/nifi-framework-api-1.9.2.jar:/opt/nifi/nifi-current/./lib/nifi-api-1.9.2.jar:/opt/nifi/nifi-current/./lib/nifi-properties-1.9.2.jar:/opt/nifi/nifi-current/./lib/jetty-schemas-3.1.jar:/opt/nifi/nifi-current/./lib/nifi-nar-utils-1.9.2.jar:/opt/nifi/nifi-current/./lib/jcl-over-slf4j-1.7.25.jar:/opt/nifi/nifi-current/./lib/nifi-runtime-1.9.2.jar:/opt/nifi/nifi-current/./lib/log4j-over-slf4j-1.7.25.jar:/opt/nifi/nifi-current/./lib/logback-core-1.2.3.jar:/opt/nifi/nifi-current/./lib/logback-classic-1.2.3.jar:/opt/nifi/nifi-current/./lib/javax.servlet-api-3.1.0.jar:/opt/nifi/nifi-current/./lib/jul-to-slf4j-1.7.25.jar -Dorg.apache.jasper.compiler.disablejsr199=true -Xmx512m -Xms512m -Djavax.security.auth.useSubjectCredsOnly=true -Djava.security.egd=file:/dev/urandom -Dsun.net.http.allowRestrictedHeaders=true -Djava.net.preferIPv4Stack=true -Djava.awt.headless=true -XX:+UseG1GC -Djava.protocol.handler.pkgs=sun.net.www.protocol -Dnifi.properties.file.path=/opt/nifi/nifi-current/./conf/nifi.properties -Dnifi.bootstrap.listen.port=46789 -Dapp=NiFi -Dorg.apache.nifi.bootstrap.config.log.dir=/opt/nifi/nifi-current/logs org.apache.nifi.NiFi 
2026-02-27 17:25:44,634 INFO [main] org.apache.nifi.bootstrap.Command Launched Apache NiFi with Process ID 62
2026-02-27 17:25:46,004 INFO [NiFi Bootstrap Command Listener] org.apache.nifi.bootstrap.RunNiFi Apache NiFi now running and listening for Bootstrap requests on port 41443
2026-02-27 17:28:40,916 INFO [main] o.a.n.b.NotificationServiceManager Successfully loaded the following 0 services: []
2026-02-27 17:28:40,920 INFO [main] org.apache.nifi.bootstrap.RunNiFi Registered no Notification Services for Notification Type NIFI_STARTED
2026-02-27 17:28:40,920 INFO [main] org.apache.nifi.bootstrap.RunNiFi Registered no Notification Services for Notification Type NIFI_STOPPED
2026-02-27 17:28:40,920 INFO [main] org.apache.nifi.bootstrap.RunNiFi Registered no Notification Services for Notification Type NIFI_DIED
2026-02-27 17:28:40,943 INFO [main] org.apache.nifi.bootstrap.Command Starting Apache NiFi...
2026-02-27 17:28:40,943 INFO [main] org.apache.nifi.bootstrap.Command Working Directory: /opt/nifi/nifi-current
2026-02-27 17:28:40,943 INFO [main] org.apache.nifi.bootstrap.Command Command: /docker-java-home/jre/bin/java -classpath /opt/nifi/nifi-current/./conf:/opt/nifi/nifi-current/./lib/slf4j-api-1.7.25.jar:/opt/nifi/nifi-current/./lib/nifi-framework-api-1.9.2.jar:/opt/nifi/nifi-current/./lib/nifi-api-1.9.2.jar:/opt/nifi/nifi-current/./lib/nifi-properties-1.9.2.jar:/opt/nifi/nifi-current/./lib/jetty-schemas-3.1.jar:/opt/nifi/nifi-current/./lib/nifi-nar-utils-1.9.2.jar:/opt/nifi/nifi-current/./lib/jcl-over-slf4j-1.7.25.jar:/opt/nifi/nifi-current/./lib/nifi-runtime-1.9.2.jar:/opt/nifi/nifi-current/./lib/log4j-over-slf4j-1.7.25.jar:/opt/nifi/nifi-current/./lib/logback-core-1.2.3.jar:/opt/nifi/nifi-current/./lib/logback-classic-1.2.3.jar:/opt/nifi/nifi-current/./lib/javax.servlet-api-3.1.0.jar:/opt/nifi/nifi-current/./lib/jul-to-slf4j-1.7.25.jar -Dorg.apache.jasper.compiler.disablejsr199=true -Xmx512m -Xms512m -Djavax.security.auth.useSubjectCredsOnly=true -Djava.security.egd=file:/dev/urandom -Dsun.net.http.allowRestrictedHeaders=true -Djava.net.preferIPv4Stack=true -Djava.awt.headless=true -XX:+UseG1GC -Djava.protocol.handler.pkgs=sun.net.www.protocol -Dnifi.properties.file.path=/opt/nifi/nifi-current/./conf/nifi.properties -Dnifi.bootstrap.listen.port=40831 -Dapp=NiFi -Dorg.apache.nifi.bootstrap.config.log.dir=/opt/nifi/nifi-current/logs org.apache.nifi.NiFi 
2026-02-27 17:28:40,993 INFO [main] org.apache.nifi.bootstrap.Command Launched Apache NiFi with Process ID 62
2026-02-27 17:28:42,484 INFO [NiFi Bootstrap Command Listener] org.apache.nifi.bootstrap.RunNiFi Apache NiFi now running and listening for Bootstrap requests on port 37407
2026-02-27 17:50:10,746 INFO [main] o.a.n.b.NotificationServiceManager Successfully loaded the following 0 services: []
2026-02-27 17:50:10,747 INFO [main] org.apache.nifi.bootstrap.RunNiFi Registered no Notification Services for Notification Type NIFI_STARTED
2026-02-27 17:50:10,747 INFO [main] org.apache.nifi.bootstrap.RunNiFi Registered no Notification Services for Notification Type NIFI_STOPPED
2026-02-27 17:50:10,747 INFO [main] org.apache.nifi.bootstrap.RunNiFi Registered no Notification Services for Notification Type NIFI_DIED
2026-02-27 17:50:10,756 INFO [main] org.apache.nifi.bootstrap.RunNiFi Runtime Java version: 11.0.22
2026-02-27 17:50:10,906 INFO [main] org.apache.nifi.bootstrap.RunNiFi {javaVersion=11.0.22, availableProcessors=10, maxOpenFileDescriptors=1048576, totalPhysicalMemoryMB=7836, minimumHeapSize=1g, maximumHeapSize=2g}
2026-02-27 17:50:10,908 INFO [main] org.apache.nifi.bootstrap.Command Generating Self-Signed Certificate: Expires on 2026-04-28
2026-02-27 17:50:11,391 INFO [main] org.apache.nifi.bootstrap.Command Generated Self-Signed Certificate SHA-256: 46CB4C1568CFE87ACE863B65DB83E2882D3738712634165E948F4FDC01E09BBD
2026-02-27 17:50:11,396 INFO [main] org.apache.nifi.bootstrap.Command Starting Apache NiFi...
2026-02-27 17:50:11,397 INFO [main] org.apache.nifi.bootstrap.Command Working Directory: /opt/nifi/nifi-current
2026-02-27 17:50:11,397 INFO [main] org.apache.nifi.bootstrap.Command Command: /opt/java/openjdk/bin/java -classpath /opt/nifi/nifi-current/./conf:/opt/nifi/nifi-current/./lib/slf4j-api-2.0.11.jar:/opt/nifi/nifi-current/./lib/logback-classic-1.3.14.jar:/opt/nifi/nifi-current/./lib/jul-to-slf4j-2.0.11.jar:/opt/nifi/nifi-current/./lib/nifi-framework-api-1.25.0.jar:/opt/nifi/nifi-current/./lib/jetty-schemas-5.2.jar:/opt/nifi/nifi-current/./lib/jcl-over-slf4j-2.0.11.jar:/opt/nifi/nifi-current/./lib/nifi-nar-utils-1.25.0.jar:/opt/nifi/nifi-current/./lib/nifi-server-api-1.25.0.jar:/opt/nifi/nifi-current/./lib/nifi-api-1.25.0.jar:/opt/nifi/nifi-current/./lib/nifi-stateless-api-1.25.0.jar:/opt/nifi/nifi-current/./lib/nifi-properties-1.25.0.jar:/opt/nifi/nifi-current/./lib/log4j-over-slf4j-2.0.11.jar:/opt/nifi/nifi-current/./lib/nifi-property-utils-1.25.0.jar:/opt/nifi/nifi-current/./lib/logback-core-1.3.14.jar:/opt/nifi/nifi-current/./lib/nifi-stateless-bootstrap-1.25.0.jar:/opt/nifi/nifi-current/./lib/nifi-runtime-1.25.0.jar:/opt/nifi/nifi-current/./lib/javax.servlet-api-3.1.0.jar:/opt/nifi/nifi-current/./lib/nifi-per-process-group-logging-1.25.0.jar:/opt/nifi/nifi-current/./lib/java11/jakarta.xml.bind-api-2.3.3.jar:/opt/nifi/nifi-current/./lib/java11/txw2-2.3.9.jar:/opt/nifi/nifi-current/./lib/java11/jaxb-runtime-2.3.9.jar:/opt/nifi/nifi-current/./lib/java11/jakarta.activation-1.2.2.jar:/opt/nifi/nifi-current/./lib/java11/javax.annotation-api-1.3.2.jar:/opt/nifi/nifi-current/./lib/java11/jakarta.activation-api-1.2.2.jar:/opt/nifi/nifi-current/./lib/java11/istack-commons-runtime-3.0.12.jar -Dorg.apache.jasper.compiler.disablejsr199=true -Xmx2g -Xms1g -Dcurator-log-only-first-connection-issue-as-error-level=true -Djavax.security.auth.useSubjectCredsOnly=true -Djava.security.egd=file:/dev/urandom -Dzookeeper.admin.enableServer=false -Dsun.net.http.allowRestrictedHeaders=true -Djava.net.preferIPv4Stack=true -Djava.awt.headless=true -Djava.protocol.handler.pkgs=sun.net.www.protocol -Dnifi.properties.file.path=/opt/nifi/nifi-current/./conf/nifi.properties -Dnifi.bootstrap.listen.port=35943 -Dapp=NiFi -Dorg.apache.nifi.bootstrap.config.log.dir=/opt/nifi/nifi-current/logs org.apache.nifi.NiFi 
2026-02-27 17:50:11,412 INFO [main] org.apache.nifi.bootstrap.Command Launched Apache NiFi with Process ID 103
2026-02-27 17:50:11,691 INFO [NiFi Bootstrap Command Listener] org.apache.nifi.bootstrap.RunNiFi Apache NiFi now running and listening for Bootstrap requests on port 33069
2026-02-27 17:50:21,550 ERROR [NiFi logging handler] org.apache.nifi.StdErr Warning: Nashorn engine is planned to be removed from a future JDK release
2026-02-27 17:50:21,657 ERROR [NiFi logging handler] org.apache.nifi.StdErr Warning: Nashorn engine is planned to be removed from a future JDK release
2026-02-27 17:50:21,666 ERROR [NiFi logging handler] org.apache.nifi.StdErr Warning: Nashorn engine is planned to be removed from a future JDK release
2026-02-27 17:50:21,674 ERROR [NiFi logging handler] org.apache.nifi.StdErr Warning: Nashorn engine is planned to be removed from a future JDK release
2026-02-27 17:50:21,701 ERROR [NiFi logging handler] org.apache.nifi.StdErr Warning: Nashorn engine is planned to be removed from a future JDK release
2026-02-27 17:50:21,768 ERROR [NiFi logging handler] org.apache.nifi.StdErr Warning: Nashorn engine is planned to be removed from a future JDK release
2026-02-27 17:50:21,775 ERROR [NiFi logging handler] org.apache.nifi.StdErr Warning: Nashorn engine is planned to be removed from a future JDK release
2026-02-27 17:50:21,780 ERROR [NiFi logging handler] org.apache.nifi.StdErr Warning: Nashorn engine is planned to be removed from a future JDK release
2026-02-27 17:50:21,883 ERROR [NiFi logging handler] org.apache.nifi.StdErr Warning: Nashorn engine is planned to be removed from a future JDK release
2026-02-27 17:50:24,140 ERROR [NiFi logging handler] org.apache.nifi.StdErr WARNING: An illegal reflective access operation has occurred
2026-02-27 17:50:24,140 ERROR [NiFi logging handler] org.apache.nifi.StdErr WARNING: Illegal reflective access by jetbrains.exodus.io.FileDataWriter$Companion$setUninterruptibleMethod$1 (file:/opt/nifi/nifi-current/./work/nar/framework/nifi-framework-nar-1.25.0.nar-unpacked/NAR-INF/bundled-dependencies/xodus-environment-2.0.1.jar) to method sun.nio.ch.FileChannelImpl.setUninterruptible()
2026-02-27 17:50:24,140 ERROR [NiFi logging handler] org.apache.nifi.StdErr WARNING: Please consider reporting this to the maintainers of jetbrains.exodus.io.FileDataWriter$Companion$setUninterruptibleMethod$1
2026-02-27 17:50:24,140 ERROR [NiFi logging handler] org.apache.nifi.StdErr WARNING: Use --illegal-access=warn to enable warnings of further illegal reflective access operations
2026-02-27 17:50:24,140 ERROR [NiFi logging handler] org.apache.nifi.StdErr WARNING: All illegal access operations will be denied in a future release
2026-02-27 19:51:05,102 INFO [main] o.a.n.b.NotificationServiceManager Successfully loaded the following 0 services: []
2026-02-27 19:51:05,104 INFO [main] org.apache.nifi.bootstrap.RunNiFi Registered no Notification Services for Notification Type NIFI_STARTED
2026-02-27 19:51:05,104 INFO [main] org.apache.nifi.bootstrap.RunNiFi Registered no Notification Services for Notification Type NIFI_STOPPED
2026-02-27 19:51:05,104 INFO [main] org.apache.nifi.bootstrap.RunNiFi Registered no Notification Services for Notification Type NIFI_DIED
2026-02-27 19:51:05,119 INFO [main] org.apache.nifi.bootstrap.Command Apache NiFi has accepted the Shutdown Command and is shutting down now
2026-02-27 19:51:05,147 INFO [main] org.apache.nifi.bootstrap.Command NiFi PID [103] shutdown in progress...
2026-02-27 20:11:26,104 INFO [main] o.a.n.b.NotificationServiceManager Successfully loaded the following 0 services: []
2026-02-27 20:11:26,106 INFO [main] org.apache.nifi.bootstrap.RunNiFi Registered no Notification Services for Notification Type NIFI_STARTED
2026-02-27 20:11:26,106 INFO [main] org.apache.nifi.bootstrap.RunNiFi Registered no Notification Services for Notification Type NIFI_STOPPED
2026-02-27 20:11:26,106 INFO [main] org.apache.nifi.bootstrap.RunNiFi Registered no Notification Services for Notification Type NIFI_DIED
2026-02-27 20:11:26,113 INFO [main] org.apache.nifi.bootstrap.RunNiFi Runtime Java version: 11.0.21
2026-02-27 20:11:26,158 INFO [main] org.apache.nifi.bootstrap.RunNiFi {javaVersion=11.0.21, availableProcessors=10, maxOpenFileDescriptors=1048576, totalPhysicalMemoryMB=7836, minimumHeapSize=1g, maximumHeapSize=2g}
2026-02-27 20:11:26,160 INFO [main] org.apache.nifi.bootstrap.Command Generating Self-Signed Certificate: Expires on 2026-04-28
2026-02-27 20:11:26,662 INFO [main] org.apache.nifi.bootstrap.Command Generated Self-Signed Certificate SHA-256: 6FD42D0A8F0E21E28414E624E0647EB977E57E5681C025653BF8C0B76D907CFA
2026-02-27 20:11:26,668 INFO [main] org.apache.nifi.bootstrap.Command Starting Apache NiFi...
2026-02-27 20:11:26,669 INFO [main] org.apache.nifi.bootstrap.Command Working Directory: /opt/nifi/nifi-current
2026-02-27 20:11:26,669 INFO [main] org.apache.nifi.bootstrap.Command Command: /opt/java/openjdk/bin/java -classpath /opt/nifi/nifi-current/./conf:/opt/nifi/nifi-current/./lib/nifi-properties-1.24.0.jar:/opt/nifi/nifi-current/./lib/nifi-property-utils-1.24.0.jar:/opt/nifi/nifi-current/./lib/jetty-schemas-5.2.jar:/opt/nifi/nifi-current/./lib/nifi-per-process-group-logging-1.24.0.jar:/opt/nifi/nifi-current/./lib/nifi-runtime-1.24.0.jar:/opt/nifi/nifi-current/./lib/jcl-over-slf4j-2.0.9.jar:/opt/nifi/nifi-current/./lib/log4j-over-slf4j-2.0.9.jar:/opt/nifi/nifi-current/./lib/nifi-framework-api-1.24.0.jar:/opt/nifi/nifi-current/./lib/nifi-nar-utils-1.24.0.jar:/opt/nifi/nifi-current/./lib/nifi-server-api-1.24.0.jar:/opt/nifi/nifi-current/./lib/nifi-stateless-bootstrap-1.24.0.jar:/opt/nifi/nifi-current/./lib/logback-core-1.3.11.jar:/opt/nifi/nifi-current/./lib/slf4j-api-2.0.9.jar:/opt/nifi/nifi-current/./lib/logback-classic-1.3.11.jar:/opt/nifi/nifi-current/./lib/jul-to-slf4j-2.0.9.jar:/opt/nifi/nifi-current/./lib/nifi-stateless-api-1.24.0.jar:/opt/nifi/nifi-current/./lib/javax.servlet-api-3.1.0.jar:/opt/nifi/nifi-current/./lib/nifi-api-1.24.0.jar:/opt/nifi/nifi-current/./lib/java11/jakarta.xml.bind-api-2.3.3.jar:/opt/nifi/nifi-current/./lib/java11/jaxb-runtime-2.3.8.jar:/opt/nifi/nifi-current/./lib/java11/txw2-2.3.8.jar:/opt/nifi/nifi-current/./lib/java11/jakarta.activation-1.2.2.jar:/opt/nifi/nifi-current/./lib/java11/javax.annotation-api-1.3.2.jar:/opt/nifi/nifi-current/./lib/java11/jakarta.activation-api-1.2.2.jar:/opt/nifi/nifi-current/./lib/java11/istack-commons-runtime-3.0.12.jar -Dorg.apache.jasper.compiler.disablejsr199=true -Xmx2g -Xms1g -Dcurator-log-only-first-connection-issue-as-error-level=true -Djavax.security.auth.useSubjectCredsOnly=true -Djava.security.egd=file:/dev/urandom -Dzookeeper.admin.enableServer=false -Dsun.net.http.allowRestrictedHeaders=true -Djava.net.preferIPv4Stack=true -Djava.awt.headless=true -Djava.protocol.handler.pkgs=sun.net.www.protocol -Dnifi.properties.file.path=/opt/nifi/nifi-current/./conf/nifi.properties -Dnifi.bootstrap.listen.port=33669 -Dapp=NiFi -Dorg.apache.nifi.bootstrap.config.log.dir=/opt/nifi/nifi-current/logs org.apache.nifi.NiFi 
2026-02-27 20:11:26,684 INFO [main] org.apache.nifi.bootstrap.Command Launched Apache NiFi with Process ID 101
2026-02-27 20:11:27,011 INFO [NiFi Bootstrap Command Listener] org.apache.nifi.bootstrap.RunNiFi Apache NiFi now running and listening for Bootstrap requests on port 33379
2026-02-27 20:11:36,566 ERROR [NiFi logging handler] org.apache.nifi.StdErr Warning: Nashorn engine is planned to be removed from a future JDK release
2026-02-27 20:11:37,300 ERROR [NiFi logging handler] org.apache.nifi.StdErr Warning: Nashorn engine is planned to be removed from a future JDK release
2026-02-27 20:11:37,306 ERROR [NiFi logging handler] org.apache.nifi.StdErr Warning: Nashorn engine is planned to be removed from a future JDK release
2026-02-27 20:11:37,316 ERROR [NiFi logging handler] org.apache.nifi.StdErr Warning: Nashorn engine is planned to be removed from a future JDK release
2026-02-27 20:11:37,325 ERROR [NiFi logging handler] org.apache.nifi.StdErr Warning: Nashorn engine is planned to be removed from a future JDK release
2026-02-27 20:11:37,329 ERROR [NiFi logging handler] org.apache.nifi.StdErr Warning: Nashorn engine is planned to be removed from a future JDK release
2026-02-27 20:11:37,371 ERROR [NiFi logging handler] org.apache.nifi.StdErr Warning: Nashorn engine is planned to be removed from a future JDK release
2026-02-27 20:11:37,374 ERROR [NiFi logging handler] org.apache.nifi.StdErr Warning: Nashorn engine is planned to be removed from a future JDK release
2026-02-27 20:11:37,519 ERROR [NiFi logging handler] org.apache.nifi.StdErr Warning: Nashorn engine is planned to be removed from a future JDK release
2026-02-27 20:11:39,568 ERROR [NiFi logging handler] org.apache.nifi.StdErr WARNING: An illegal reflective access operation has occurred
2026-02-27 20:11:39,569 ERROR [NiFi logging handler] org.apache.nifi.StdErr WARNING: Illegal reflective access by jetbrains.exodus.io.FileDataWriter$Companion$setUninterruptibleMethod$1 (file:/opt/nifi/nifi-current/./work/nar/framework/nifi-framework-nar-1.24.0.nar-unpacked/NAR-INF/bundled-dependencies/xodus-environment-2.0.1.jar) to method sun.nio.ch.FileChannelImpl.setUninterruptible()
2026-02-27 20:11:39,569 ERROR [NiFi logging handler] org.apache.nifi.StdErr WARNING: Please consider reporting this to the maintainers of jetbrains.exodus.io.FileDataWriter$Companion$setUninterruptibleMethod$1
2026-02-27 20:11:39,569 ERROR [NiFi logging handler] org.apache.nifi.StdErr WARNING: Use --illegal-access=warn to enable warnings of further illegal reflective access operations
2026-02-27 20:11:39,569 ERROR [NiFi logging handler] org.apache.nifi.StdErr WARNING: All illegal access operations will be denied in a future release
2026-02-27 22:07:28,002 INFO [main] o.a.n.b.NotificationServiceManager Successfully loaded the following 0 services: []
2026-02-27 22:07:28,003 INFO [main] org.apache.nifi.bootstrap.RunNiFi Registered no Notification Services for Notification Type NIFI_STARTED
2026-02-27 22:07:28,003 INFO [main] org.apache.nifi.bootstrap.RunNiFi Registered no Notification Services for Notification Type NIFI_STOPPED
2026-02-27 22:07:28,003 INFO [main] org.apache.nifi.bootstrap.RunNiFi Registered no Notification Services for Notification Type NIFI_DIED
2026-02-27 22:07:28,018 INFO [main] org.apache.nifi.bootstrap.Command Apache NiFi has accepted the Shutdown Command and is shutting down now
2026-02-27 22:07:28,051 INFO [main] org.apache.nifi.bootstrap.Command NiFi PID [101] shutdown in progress...
2026-02-27 22:07:43,017 INFO [main] o.a.n.b.NotificationServiceManager Successfully loaded the following 0 services: []
2026-02-27 22:07:43,018 INFO [main] org.apache.nifi.bootstrap.RunNiFi Registered no Notification Services for Notification Type NIFI_STARTED
2026-02-27 22:07:43,019 INFO [main] org.apache.nifi.bootstrap.RunNiFi Registered no Notification Services for Notification Type NIFI_STOPPED
2026-02-27 22:07:43,019 INFO [main] org.apache.nifi.bootstrap.RunNiFi Registered no Notification Services for Notification Type NIFI_DIED
2026-02-27 22:07:43,026 INFO [main] org.apache.nifi.bootstrap.RunNiFi Runtime Java version: 11.0.21
2026-02-27 22:07:43,073 INFO [main] org.apache.nifi.bootstrap.RunNiFi {javaVersion=11.0.21, availableProcessors=10, maxOpenFileDescriptors=1048576, totalPhysicalMemoryMB=7836, minimumHeapSize=1g, maximumHeapSize=2g}
2026-02-27 22:07:43,076 INFO [main] org.apache.nifi.bootstrap.Command Generating Self-Signed Certificate: Expires on 2026-04-28
2026-02-27 22:07:43,611 INFO [main] org.apache.nifi.bootstrap.Command Generated Self-Signed Certificate SHA-256: 0282ECA091B3A4DE19233B6140A086D646D0FF905B8C334613DD63EE2BB3C06F
2026-02-27 22:07:43,626 INFO [main] org.apache.nifi.bootstrap.Command Starting Apache NiFi...
2026-02-27 22:07:43,627 INFO [main] org.apache.nifi.bootstrap.Command Working Directory: /opt/nifi/nifi-current
2026-02-27 22:07:43,628 INFO [main] org.apache.nifi.bootstrap.Command Command: /opt/java/openjdk/bin/java -classpath /opt/nifi/nifi-current/./conf:/opt/nifi/nifi-current/./lib/nifi-properties-1.24.0.jar:/opt/nifi/nifi-current/./lib/nifi-property-utils-1.24.0.jar:/opt/nifi/nifi-current/./lib/jetty-schemas-5.2.jar:/opt/nifi/nifi-current/./lib/nifi-per-process-group-logging-1.24.0.jar:/opt/nifi/nifi-current/./lib/nifi-runtime-1.24.0.jar:/opt/nifi/nifi-current/./lib/jcl-over-slf4j-2.0.9.jar:/opt/nifi/nifi-current/./lib/log4j-over-slf4j-2.0.9.jar:/opt/nifi/nifi-current/./lib/nifi-framework-api-1.24.0.jar:/opt/nifi/nifi-current/./lib/nifi-nar-utils-1.24.0.jar:/opt/nifi/nifi-current/./lib/nifi-server-api-1.24.0.jar:/opt/nifi/nifi-current/./lib/nifi-stateless-bootstrap-1.24.0.jar:/opt/nifi/nifi-current/./lib/logback-core-1.3.11.jar:/opt/nifi/nifi-current/./lib/slf4j-api-2.0.9.jar:/opt/nifi/nifi-current/./lib/logback-classic-1.3.11.jar:/opt/nifi/nifi-current/./lib/jul-to-slf4j-2.0.9.jar:/opt/nifi/nifi-current/./lib/nifi-stateless-api-1.24.0.jar:/opt/nifi/nifi-current/./lib/javax.servlet-api-3.1.0.jar:/opt/nifi/nifi-current/./lib/nifi-api-1.24.0.jar:/opt/nifi/nifi-current/./lib/java11/jakarta.xml.bind-api-2.3.3.jar:/opt/nifi/nifi-current/./lib/java11/jaxb-runtime-2.3.8.jar:/opt/nifi/nifi-current/./lib/java11/txw2-2.3.8.jar:/opt/nifi/nifi-current/./lib/java11/jakarta.activation-1.2.2.jar:/opt/nifi/nifi-current/./lib/java11/javax.annotation-api-1.3.2.jar:/opt/nifi/nifi-current/./lib/java11/jakarta.activation-api-1.2.2.jar:/opt/nifi/nifi-current/./lib/java11/istack-commons-runtime-3.0.12.jar -Dorg.apache.jasper.compiler.disablejsr199=true -Xmx2g -Xms1g -Dcurator-log-only-first-connection-issue-as-error-level=true -Djavax.security.auth.useSubjectCredsOnly=true -Djava.security.egd=file:/dev/urandom -Dzookeeper.admin.enableServer=false -Dsun.net.http.allowRestrictedHeaders=true -Djava.net.preferIPv4Stack=true -Djava.awt.headless=true -Djava.protocol.handler.pkgs=sun.net.www.protocol -Dnifi.properties.file.path=/opt/nifi/nifi-current/./conf/nifi.properties -Dnifi.bootstrap.listen.port=33335 -Dapp=NiFi -Dorg.apache.nifi.bootstrap.config.log.dir=/opt/nifi/nifi-current/logs org.apache.nifi.NiFi 
2026-02-27 22:07:43,646 INFO [main] org.apache.nifi.bootstrap.Command Launched Apache NiFi with Process ID 102
2026-02-27 22:07:43,950 INFO [NiFi Bootstrap Command Listener] org.apache.nifi.bootstrap.RunNiFi Apache NiFi now running and listening for Bootstrap requests on port 45581
2026-02-27 22:07:55,238 ERROR [NiFi logging handler] org.apache.nifi.StdErr Warning: Nashorn engine is planned to be removed from a future JDK release
2026-02-27 22:07:55,388 ERROR [NiFi logging handler] org.apache.nifi.StdErr Warning: Nashorn engine is planned to be removed from a future JDK release
2026-02-27 22:07:55,408 ERROR [NiFi logging handler] org.apache.nifi.StdErr Warning: Nashorn engine is planned to be removed from a future JDK release
2026-02-27 22:07:55,411 ERROR [NiFi logging handler] org.apache.nifi.StdErr Warning: Nashorn engine is planned to be removed from a future JDK release
2026-02-27 22:07:55,426 ERROR [NiFi logging handler] org.apache.nifi.StdErr Warning: Nashorn engine is planned to be removed from a future JDK release
2026-02-27 22:07:55,433 ERROR [NiFi logging handler] org.apache.nifi.StdErr Warning: Nashorn engine is planned to be removed from a future JDK release
2026-02-27 22:07:55,515 ERROR [NiFi logging handler] org.apache.nifi.StdErr Warning: Nashorn engine is planned to be removed from a future JDK release
2026-02-27 22:07:55,520 ERROR [NiFi logging handler] org.apache.nifi.StdErr Warning: Nashorn engine is planned to be removed from a future JDK release
2026-02-27 22:07:55,571 ERROR [NiFi logging handler] org.apache.nifi.StdErr Warning: Nashorn engine is planned to be removed from a future JDK release
2026-02-27 22:07:57,933 ERROR [NiFi logging handler] org.apache.nifi.StdErr WARNING: An illegal reflective access operation has occurred
2026-02-27 22:07:57,933 ERROR [NiFi logging handler] org.apache.nifi.StdErr WARNING: Illegal reflective access by jetbrains.exodus.io.FileDataWriter$Companion$setUninterruptibleMethod$1 (file:/opt/nifi/nifi-current/./work/nar/framework/nifi-framework-nar-1.24.0.nar-unpacked/NAR-INF/bundled-dependencies/xodus-environment-2.0.1.jar) to method sun.nio.ch.FileChannelImpl.setUninterruptible()
2026-02-27 22:07:57,933 ERROR [NiFi logging handler] org.apache.nifi.StdErr WARNING: Please consider reporting this to the maintainers of jetbrains.exodus.io.FileDataWriter$Companion$setUninterruptibleMethod$1
2026-02-27 22:07:57,933 ERROR [NiFi logging handler] org.apache.nifi.StdErr WARNING: Use --illegal-access=warn to enable warnings of further illegal reflective access operations
2026-02-27 22:07:57,933 ERROR [NiFi logging handler] org.apache.nifi.StdErr WARNING: All illegal access operations will be denied in a future release
